#
# There is insufficient memory for the Java Runtime Environment to continue.
# Native memory allocation (malloc) failed to allocate 262160 bytes for Chunk::new
# Possible reasons:
#   The system is out of physical RAM or swap space
#   In 32 bit mode, the process size limit was hit
# Possible solutions:
#   Reduce memory load on the system
#   Increase physical memory or swap space
#   Check if swap backing store is full
#   Use 64 bit Java on a 64 bit OS
#   Decrease Java heap size (-Xmx/-Xms)
#   Decrease number of Java threads
#   Decrease Java thread stack sizes (-Xss)
#   Set larger code cache with -XX:ReservedCodeCacheSize=
# This output file may be truncated or incomplete.
#
#  Out of Memory Error (allocation.cpp:390), pid=24888, tid=0x00000000000053cc
#
# JRE version: OpenJDK Runtime Environment (8.0_112-b06) (build 1.8.0_112-release-b06)
# Java VM: OpenJDK 64-Bit Server VM (25.112-b06 mixed mode windows-amd64 compressed oops)
# Failed to write core dump. Minidumps are not enabled by default on client versions of Windows
#

---------------  T H R E A D  ---------------

Current thread (0x0000000016e4d000):  JavaThread "C2 CompilerThread1" daemon [_thread_in_native, id=21452, stack(0x00000000185b0000,0x00000000186b0000)]

Stack: [0x00000000185b0000,0x00000000186b0000]
[error occurred during error reporting (printing stack bounds), id 0xc0000005]

Native frames: (J=compiled Java code, j=interpreted, Vv=VM code, C=native code)


Current CompileTask:
C2:   2281 1347   !   4       com.android.dx.cf.code.BytecodeArray::parseInstruction (2764 bytes)


---------------  P R O C E S S  ---------------

Java Threads: ( => current thread )
  0x0000000018999800 JavaThread "pool-1-thread-4" [_thread_in_Java, id=4084, stack(0x00000000191b0000,0x00000000192b0000)]
  0x0000000018991800 JavaThread "pool-1-thread-3" [_thread_in_Java, id=24012, stack(0x00000000190b0000,0x00000000191b0000)]
  0x000000001898f800 JavaThread "pool-1-thread-2" [_thread_in_Java, id=13036, stack(0x0000000018fb0000,0x00000000190b0000)]
  0x000000001893f000 JavaThread "pool-2-thread-1" [_thread_blocked, id=16376, stack(0x0000000018eb0000,0x0000000018fb0000)]
  0x000000001893e000 JavaThread "pool-1-thread-1" [_thread_in_Java, id=23412, stack(0x0000000018db0000,0x0000000018eb0000)]
  0x00000000187d4000 JavaThread "Service Thread" daemon [_thread_blocked, id=24316, stack(0x0000000018bb0000,0x0000000018cb0000)]
  0x0000000016e58800 JavaThread "C1 CompilerThread2" daemon [_thread_in_vm, id=14992, stack(0x00000000186b0000,0x00000000187b0000)]
=>0x0000000016e4d000 JavaThread "C2 CompilerThread1" daemon [_thread_in_native, id=21452, stack(0x00000000185b0000,0x00000000186b0000)]
  0x0000000016e49800 JavaThread "C2 CompilerThread0" daemon [_thread_in_native, id=22424, stack(0x00000000184b0000,0x00000000185b0000)]
  0x0000000016e48800 JavaThread "Attach Listener" daemon [_thread_blocked, id=26940, stack(0x00000000183b0000,0x00000000184b0000)]
  0x0000000016e47800 JavaThread "Signal Dispatcher" daemon [_thread_blocked, id=18660, stack(0x00000000182b0000,0x00000000183b0000)]
  0x000000000467b800 JavaThread "Finalizer" daemon [_thread_blocked, id=26944, stack(0x00000000180b0000,0x00000000181b0000)]
  0x0000000004670800 JavaThread "Reference Handler" daemon [_thread_blocked, id=12296, stack(0x0000000017fb0000,0x00000000180b0000)]
  0x0000000004580800 JavaThread "main" [_thread_blocked, id=4116, stack(0x00000000043d0000,0x00000000044d0000)]

Other Threads:
  0x0000000016e16000 VMThread [stack: 0x0000000017eb0000,0x0000000017fb0000] [id=12948]
  0x00000000187f5800 WatcherThread [stack: 0x0000000018cb0000,0x0000000018db0000] [id=19460]

VM state:not at safepoint (normal execution)

VM Mutex/Monitor currently owned by a thread: None

Heap:
 PSYoungGen      total 35328K, used 29821K [0x00000000eab00000, 0x00000000ed000000, 0x0000000100000000)
  eden space 32768K, 83% used [0x00000000eab00000,0x00000000ec5a4bf8,0x00000000ecb00000)
  from space 2560K, 99% used [0x00000000ecd80000,0x00000000ecffaab8,0x00000000ed000000)
  to   space 2560K, 0% used [0x00000000ecb00000,0x00000000ecb00000,0x00000000ecd80000)
 ParOldGen       total 44032K, used 3824K [0x00000000c0000000, 0x00000000c2b00000, 0x00000000eab00000)
  object space 44032K, 8% used [0x00000000c0000000,0x00000000c03bc078,0x00000000c2b00000)
 Metaspace       used 5993K, capacity 7088K, committed 7296K, reserved 1056768K
  class space    used 565K, capacity 616K, committed 640K, reserved 1048576K

Card table byte_map: [0x0000000013b40000,0x0000000013d50000] byte_map_base: 0x0000000013540000

Marking Bits: (ParMarkBitMap*) 0x00000000673718f0
 Begin Bits: [0x00000000142b0000, 0x00000000152b0000)
 End Bits:   [0x00000000152b0000, 0x00000000162b0000)

Polling page: 0x0000000002800000

CodeCache: size=245760Kb used=6076Kb max_used=6076Kb free=239683Kb
 bounds [0x0000000004780000, 0x0000000004d80000, 0x0000000013780000]
 total_blobs=1722 nmethods=1457 adapters=179
 compilation: enabled

Compilation events (10 events):
Event: 2.238 Thread 0x0000000016e58800 nmethod 1448 0x0000000004d51490 code [0x0000000004d515e0, 0x0000000004d51830]
Event: 2.240 Thread 0x0000000016e58800 1449       3       com.android.dx.cf.direct.FieldListParser::set (30 bytes)
Event: 2.241 Thread 0x0000000016e58800 nmethod 1449 0x0000000004d51890 code [0x0000000004d51a80, 0x0000000004d52518]
Event: 2.241 Thread 0x0000000016e58800 1452   !   3       com.android.dx.cf.direct.StdAttributeFactory::parseLocalVariables (274 bytes)
Event: 2.247 Thread 0x0000000016e58800 nmethod 1452 0x0000000004d52d90 code [0x0000000004d53500, 0x0000000004d585a8]
Event: 2.247 Thread 0x0000000016e58800 1451   !   3       com.android.dx.cf.attrib.AttLineNumberTable::<init> (43 bytes)
Event: 2.247 Thread 0x0000000016e58800 nmethod 1451 0x0000000004d5e110 code [0x0000000004d5e2c0, 0x0000000004d5e7b8]
Event: 2.247 Thread 0x0000000016e58800 1453   !   3       com.android.dx.cf.attrib.BaseLocalVariables::<init> (42 bytes)
Event: 2.248 Thread 0x0000000016e58800 nmethod 1453 0x0000000004d5ea50 code [0x0000000004d5ec00, 0x0000000004d5f1e8]
Event: 2.248 Thread 0x0000000016e58800 1450       3       com.android.dx.cf.iface.StdField::<init> (10 bytes)

GC Heap History (4 events):
Event: 1.184 GC heap before
{Heap before GC invocations=1 (full 0):
 PSYoungGen      total 18944K, used 16384K [0x00000000eab00000, 0x00000000ec000000, 0x0000000100000000)
  eden space 16384K, 100% used [0x00000000eab00000,0x00000000ebb00000,0x00000000ebb00000)
  from space 2560K, 0% used [0x00000000ebd80000,0x00000000ebd80000,0x00000000ec000000)
  to   space 2560K, 0% used [0x00000000ebb00000,0x00000000ebb00000,0x00000000ebd80000)
 ParOldGen       total 44032K, used 0K [0x00000000c0000000, 0x00000000c2b00000, 0x00000000eab00000)
  object space 44032K, 0% used [0x00000000c0000000,0x00000000c0000000,0x00000000c2b00000)
 Metaspace       used 5606K, capacity 6768K, committed 7040K, reserved 1056768K
  class space    used 560K, capacity 616K, committed 640K, reserved 1048576K
Event: 1.202 GC heap after
Heap after GC invocations=1 (full 0):
 PSYoungGen      total 18944K, used 2551K [0x00000000eab00000, 0x00000000ed000000, 0x0000000100000000)
  eden space 16384K, 0% used [0x00000000eab00000,0x00000000eab00000,0x00000000ebb00000)
  from space 2560K, 99% used [0x00000000ebb00000,0x00000000ebd7dc78,0x00000000ebd80000)
  to   space 2560K, 0% used [0x00000000ecd80000,0x00000000ecd80000,0x00000000ed000000)
 ParOldGen       total 44032K, used 1585K [0x00000000c0000000, 0x00000000c2b00000, 0x00000000eab00000)
  object space 44032K, 3% used [0x00000000c0000000,0x00000000c018c468,0x00000000c2b00000)
 Metaspace       used 5606K, capacity 6768K, committed 7040K, reserved 1056768K
  class space    used 560K, capacity 616K, committed 640K, reserved 1048576K
}
Event: 1.789 GC heap before
{Heap before GC invocations=2 (full 0):
 PSYoungGen      total 18944K, used 18935K [0x00000000eab00000, 0x00000000ed000000, 0x0000000100000000)
  eden space 16384K, 100% used [0x00000000eab00000,0x00000000ebb00000,0x00000000ebb00000)
  from space 2560K, 99% used [0x00000000ebb00000,0x00000000ebd7dc78,0x00000000ebd80000)
  to   space 2560K, 0% used [0x00000000ecd80000,0x00000000ecd80000,0x00000000ed000000)
 ParOldGen       total 44032K, used 1585K [0x00000000c0000000, 0x00000000c2b00000, 0x00000000eab00000)
  object space 44032K, 3% used [0x00000000c0000000,0x00000000c018c468,0x00000000c2b00000)
 Metaspace       used 5881K, capacity 6960K, committed 7040K, reserved 1056768K
  class space    used 563K, capacity 616K, committed 640K, reserved 1048576K
Event: 1.808 GC heap after
Heap after GC invocations=2 (full 0):
 PSYoungGen      total 35328K, used 2538K [0x00000000eab00000, 0x00000000ed000000, 0x0000000100000000)
  eden space 32768K, 0% used [0x00000000eab00000,0x00000000eab00000,0x00000000ecb00000)
  from space 2560K, 99% used [0x00000000ecd80000,0x00000000ecffaab8,0x00000000ed000000)
  to   space 2560K, 0% used [0x00000000ecb00000,0x00000000ecb00000,0x00000000ecd80000)
 ParOldGen       total 44032K, used 3824K [0x00000000c0000000, 0x00000000c2b00000, 0x00000000eab00000)
  object space 44032K, 8% used [0x00000000c0000000,0x00000000c03bc078,0x00000000c2b00000)
 Metaspace       used 5881K, capacity 6960K, committed 7040K, reserved 1056768K
  class space    used 563K, capacity 616K, committed 640K, reserved 1048576K
}

Deoptimization events (10 events):
Event: 1.524 Thread 0x000000001893e000 Uncommon trap: reason=null_check action=make_not_entrant pc=0x0000000004bead6c method=com.android.dx.ssa.SsaRenamer.getLocalForNewReg(I)Lcom/android/dx/rop/code/LocalItem; @ 19
Event: 1.532 Thread 0x000000001893e000 Uncommon trap: reason=null_check action=make_not_entrant pc=0x0000000004b9298c method=com.android.dx.ssa.SsaRenamer.getLocalForNewReg(I)Lcom/android/dx/rop/code/LocalItem; @ 19
Event: 1.756 Thread 0x000000001893e000 Uncommon trap: reason=unstable_if action=reinterpret pc=0x0000000004a8fb1c method=com.android.dx.rop.cst.Constant.compareTo(Lcom/android/dx/rop/cst/Constant;)I @ 12
Event: 1.775 Thread 0x000000001893e000 Uncommon trap: reason=unstable_if action=reinterpret pc=0x0000000004b78744 method=com.android.dx.ssa.SsaRenamer$BlockRenamer.addMapping(ILcom/android/dx/rop/code/RegisterSpec;)V @ 120
Event: 1.886 Thread 0x0000000018999800 Uncommon trap: reason=unstable_if action=reinterpret pc=0x0000000004bca7bc method=com.android.dx.util.IntList.binarysearch(I)I @ 105
Event: 1.932 Thread 0x000000001898f800 Uncommon trap: reason=class_check action=maybe_recompile pc=0x0000000004a3c29c method=com.android.dx.rop.type.Type.equals(Ljava/lang/Object;)Z @ 8
Event: 1.932 Thread 0x000000001898f800 Uncommon trap: reason=class_check action=maybe_recompile pc=0x0000000004a3c29c method=com.android.dx.rop.type.Type.equals(Ljava/lang/Object;)Z @ 8
Event: 1.932 Thread 0x000000001898f800 Uncommon trap: reason=class_check action=maybe_recompile pc=0x0000000004a3c29c method=com.android.dx.rop.type.Type.equals(Ljava/lang/Object;)Z @ 8
Event: 2.034 Thread 0x000000001893e000 Uncommon trap: reason=unstable_if action=reinterpret pc=0x0000000004a62630 method=com.android.dx.rop.code.RegisterSpec.equals(ILcom/android/dx/rop/type/TypeBearer;Lcom/android/dx/rop/code/LocalItem;)Z @ 42
Event: 2.206 Thread 0x0000000018999800 Uncommon trap: reason=unstable_if action=reinterpret pc=0x0000000004d14798 method=com.android.dx.ssa.LiteralOpUpgrader$1.visitNonMoveInsn(Lcom/android/dx/ssa/NormalSsaInsn;)V @ 151

Internal exceptions (4 events):
Event: 0.127 Thread 0x0000000004580800 Exception <a 'java/lang/NoSuchMethodError': Method sun.misc.Unsafe.defineClass(Ljava/lang/String;[BII)Ljava/lang/Class; name or signature does not match> (0x00000000eab07c78) thrown at [C:\src\android\AOSP-openjdk\external\jetbrains\jdk\hotspot\src\share\vJqÉKÀ?
Event: 0.127 Thread 0x0000000004580800 Exception <a 'java/lang/NoSuchMethodError': Method sun.misc.Unsafe.prefetchRead(Ljava/lang/Object;J)V name or signature does not match> (0x00000000eab07f60) thrown at [C:\src\android\AOSP-openjdk\external\jetbrains\jdk\hotspot\src\share\vm\prims\jni.cpp, l©öv©aø?
Event: 1.524 Thread 0x000000001893e000 Implicit null exception at 0x0000000004be94c6 to 0x0000000004bead21
Event: 1.532 Thread 0x000000001893e000 Implicit null exception at 0x0000000004b913ed to 0x0000000004b92959

Events (10 events):
Event: 1.932 Thread 0x000000001898f800 DEOPT UNPACKING pc=0x00000000047c556a sp=0x00000000190adfd8 mode 2
Event: 1.932 Thread 0x000000001898f800 Uncommon trap: trap_request=0xffffffde fr.pc=0x0000000004a3c29c
Event: 1.932 Thread 0x000000001898f800 DEOPT PACKING pc=0x0000000004a3c29c sp=0x00000000190aef20
Event: 1.932 Thread 0x000000001898f800 DEOPT UNPACKING pc=0x00000000047c556a sp=0x00000000190aeca8 mode 2
Event: 2.034 Thread 0x000000001893e000 Uncommon trap: trap_request=0xffffff65 fr.pc=0x0000000004a62630
Event: 2.034 Thread 0x000000001893e000 DEOPT PACKING pc=0x0000000004a62630 sp=0x0000000018eae6b0
Event: 2.034 Thread 0x000000001893e000 DEOPT UNPACKING pc=0x00000000047c556a sp=0x0000000018eae638 mode 2
Event: 2.206 Thread 0x0000000018999800 Uncommon trap: trap_request=0xffffff65 fr.pc=0x0000000004d14798
Event: 2.206 Thread 0x0000000018999800 DEOPT PACKING pc=0x0000000004d14798 sp=0x00000000192ae830
Event: 2.206 Thread 0x0000000018999800 DEOPT UNPACKING pc=0x00000000047c556a sp=0x00000000192ae830 mode 2


Dynamic libraries:
0x00007ff652cd0000 - 0x00007ff652d01000 	C:\Program Files\Android\Android Studio\jre\bin\java.exe
0x00007ffd599a0000 - 0x00007ffd59b80000 	C:\WINDOWS\SYSTEM32\ntdll.dll
0x00007ffd58af0000 - 0x00007ffd58b9e000 	C:\WINDOWS\System32\KERNEL32.DLL
0x00007ffd55da0000 - 0x00007ffd56006000 	C:\WINDOWS\System32\KERNELBASE.dll
0x00007ffd591b0000 - 0x00007ffd59251000 	C:\WINDOWS\System32\ADVAPI32.dll
0x00007ffd58a20000 - 0x00007ffd58abd000 	C:\WINDOWS\System32\msvcrt.dll
0x00007ffd583a0000 - 0x00007ffd583fb000 	C:\WINDOWS\System32\sechost.dll
0x00007ffd58730000 - 0x00007ffd5884f000 	C:\WINDOWS\System32\RPCRT4.dll
0x00007ffd58430000 - 0x00007ffd585bf000 	C:\WINDOWS\System32\USER32.dll
0x00007ffd56580000 - 0x00007ffd565a0000 	C:\WINDOWS\System32\win32u.dll
0x00007ffd58400000 - 0x00007ffd58428000 	C:\WINDOWS\System32\GDI32.dll
0x00007ffd56210000 - 0x00007ffd563a3000 	C:\WINDOWS\System32\gdi32full.dll
0x00007ffd56dd0000 - 0x00007ffd56e6b000 	C:\WINDOWS\System32\msvcp_win.dll
0x00007ffd560c0000 - 0x00007ffd561b6000 	C:\WINDOWS\System32\ucrtbase.dll
0x00007ffd3e600000 - 0x00007ffd3e869000 	C:\WINDOWS\WinSxS\amd64_microsoft.windows.common-controls_6595b64144ccf1df_6.0.16299.192_none_15c8cdae9364c23b\COMCTL32.dll
0x00007ffd58bc0000 - 0x00007ffd58ec8000 	C:\WINDOWS\System32\combase.dll
0x00007ffd56600000 - 0x00007ffd56672000 	C:\WINDOWS\System32\bcryptPrimitives.dll
0x00007ffd58ac0000 - 0x00007ffd58aed000 	C:\WINDOWS\System32\IMM32.DLL
0x0000000068e90000 - 0x0000000068f62000 	C:\Program Files\Android\Android Studio\jre\jre\bin\msvcr100.dll
0x0000000066bb0000 - 0x00000000673ec000 	C:\Program Files\Android\Android Studio\jre\jre\bin\server\jvm.dll
0x00007ffd59070000 - 0x00007ffd59078000 	C:\WINDOWS\System32\PSAPI.DLL
0x00007ffd4ff70000 - 0x00007ffd4ff79000 	C:\WINDOWS\SYSTEM32\WSOCK32.dll
0x00007ffd4f6d0000 - 0x00007ffd4f6f3000 	C:\WINDOWS\SYSTEM32\WINMM.dll
0x00007ffd48700000 - 0x00007ffd4870a000 	C:\WINDOWS\SYSTEM32\VERSION.dll
0x00007ffd56ef0000 - 0x00007ffd56f5c000 	C:\WINDOWS\System32\WS2_32.dll
0x00007ffd4f6a0000 - 0x00007ffd4f6ca000 	C:\WINDOWS\SYSTEM32\WINMMBASE.dll
0x00007ffd561c0000 - 0x00007ffd5620a000 	C:\WINDOWS\System32\cfgmgr32.dll
0x00007ffd4fee0000 - 0x00007ffd4feef000 	C:\Program Files\Android\Android Studio\jre\jre\bin\verify.dll
0x00007ffd3e060000 - 0x00007ffd3e089000 	C:\Program Files\Android\Android Studio\jre\jre\bin\java.dll
0x00007ffd46960000 - 0x00007ffd46976000 	C:\Program Files\Android\Android Studio\jre\jre\bin\zip.dll
0x00007ffd56f60000 - 0x00007ffd58396000 	C:\WINDOWS\System32\SHELL32.dll
0x00007ffd58850000 - 0x00007ffd588f6000 	C:\WINDOWS\System32\shcore.dll
0x00007ffd56680000 - 0x00007ffd56dc7000 	C:\WINDOWS\System32\windows.storage.dll
0x00007ffd59370000 - 0x00007ffd593c1000 	C:\WINDOWS\System32\shlwapi.dll
0x00007ffd55d60000 - 0x00007ffd55d71000 	C:\WINDOWS\System32\kernel.appcore.dll
0x00007ffd55cf0000 - 0x00007ffd55d3c000 	C:\WINDOWS\System32\powrprof.dll
0x00007ffd55d80000 - 0x00007ffd55d9b000 	C:\WINDOWS\System32\profapi.dll

VM Arguments:
jvm_args: -Djava.awt.headless=true -Xmx1024M -Dfile.encoding=windows-1251 -Duser.country=GB -Duser.language=en -Duser.variant 
java_command: com.android.dx.command.Main --dex --num-threads=4 --output D:\apps\live-chat\platforms\android\build\intermediates\pre-dexed\release\CordovaLib-unspecified-release_fbb0d62de5ae851ba4dc2a682c2e85bab8ce426b.jar D:\apps\live-chat\platforms\android\build\intermediates\exploded-aar\android\CordovaLib\unspecified\release\jars\classes.jar
java_class_path (initial): C:\Users\Admin\android-sdks\build-tools\25.0.2\lib\dx.jar
Launcher Type: SUN_STANDARD

Environment Variables:
JAVA_HOME=C:\Program Files\Java\jdk1.8.0_121
PATH=C:\Program Files\Microsoft MPI\Bin\;C:\ProgramData\Oracle\Java\javapath;C:\WINDOWS\system32;C:\WINDOWS;C:\WINDOWS\System32\Wbem;C:\WINDOWS\System32\WindowsPowerShell\v1.0\;C:\Program Files (x86)\Microsoft SQL Server\130\Tools\Binn\;C:\Program Files\Microsoft SQL Server\130\Tools\Binn\;C:\Program Files (x86)\Microsoft SQL Server\130\DTS\Binn\;C:\Program Files\Microsoft SQL Server\130\DTS\Binn\;C:\Program Files\Microsoft SQL Server\Client SDK\ODBC\130\Tools\Binn\;C:\Program Files (x86)\Microsoft SQL Server\Client SDK\ODBC\130\Tools\Binn\;C:\Program Files (x86)\Microsoft SQL Server\130\Tools\Binn\ManagementStudio\;C:\Program Files\Git\cmd;C:\Program Files\nodejs\;C:\Program Files\Java\jdk1.8.0_121\bin;C:\OpenSSL-Win64\bin;C:\Users\Admin\AppData\Local\Microsoft\WindowsApps;C:\Users\Admin\AppData\Roaming\npm;C:\OpenSSL-Win64\bin;
USERNAME=Admin
OS=Windows_NT
PROCESSOR_IDENTIFIER=Intel64 Family 6 Model 61 Stepping 4, GenuineIntel



---------------  S Y S T E M  ---------------

OS: Windows 10.0 , 64 bit Build 16299 (10.0.16299.15)

CPU:total 4 (2 cores per cpu, 2 threads per core) family 6 model 61 stepping 4, cmov, cx8, fxsr, mmx, sse, sse2, sse3, ssse3, sse4.1, sse4.2, popcnt, avx, avx2, aes, clmul, erms, 3dnowpref, lzcnt, ht, tsc, tscinvbit, bmi1, bmi2, adx

Memory: 4k page, physical 4103640k(315800k free), swap 16686552k(2352k free)

vm_info: OpenJDK 64-Bit Server VM (25.112-b06) for windows-amd64 JRE (1.8.0_112-release-b06), built on Dec  8 2016 00:54:26 by "builder" with MS VC++ 10.0 (VS2010)

time: Thu Apr 19 22:40:59 2018
elapsed time: 2 seconds (0d 0h 0m 2s)

