#
# There is insufficient memory for the Java Runtime Environment to continue.
# Native memory allocation (malloc) failed to allocate 745696 bytes for Chunk::new
# Possible reasons:
#   The system is out of physical RAM or swap space
#   In 32 bit mode, the process size limit was hit
# Possible solutions:
#   Reduce memory load on the system
#   Increase physical memory or swap space
#   Check if swap backing store is full
#   Use 64 bit Java on a 64 bit OS
#   Decrease Java heap size (-Xmx/-Xms)
#   Decrease number of Java threads
#   Decrease Java thread stack sizes (-Xss)
#   Set larger code cache with -XX:ReservedCodeCacheSize=
# This output file may be truncated or incomplete.
#
#  Out of Memory Error (allocation.cpp:390), pid=9572, tid=0x000000000000670c
#
# JRE version: OpenJDK Runtime Environment (8.0_112-b06) (build 1.8.0_112-release-b06)
# Java VM: OpenJDK 64-Bit Server VM (25.112-b06 mixed mode windows-amd64 compressed oops)
# Failed to write core dump. Minidumps are not enabled by default on client versions of Windows
#

---------------  T H R E A D  ---------------

Current thread (0x0000000017439800):  JavaThread "C2 CompilerThread0" daemon [_thread_in_native, id=26380, stack(0x0000000018aa0000,0x0000000018ba0000)]

Stack: [0x0000000018aa0000,0x0000000018ba0000]
[error occurred during error reporting (printing stack bounds), id 0xc0000005]

Native frames: (J=compiled Java code, j=interpreted, Vv=VM code, C=native code)


Current CompileTask:
C2:   1264 1298   !   4       com.android.dx.cf.code.BytecodeArray::parseInstruction (2764 bytes)


---------------  P R O C E S S  ---------------

Java Threads: ( => current thread )
  0x0000000018ffb800 JavaThread "pool-1-thread-4" [_thread_blocked, id=27052, stack(0x00000000197a0000,0x00000000198a0000)]
  0x0000000019018000 JavaThread "pool-1-thread-3" [_thread_in_Java, id=24844, stack(0x00000000196a0000,0x00000000197a0000)]
  0x000000001900d800 JavaThread "pool-1-thread-2" [_thread_blocked, id=17376, stack(0x00000000195a0000,0x00000000196a0000)]
  0x0000000018ff7000 JavaThread "pool-2-thread-1" [_thread_blocked, id=26772, stack(0x00000000194a0000,0x00000000195a0000)]
  0x0000000018ff6000 JavaThread "pool-1-thread-1" [_thread_blocked, id=22744, stack(0x00000000193a0000,0x00000000194a0000)]
  0x0000000018db8800 JavaThread "Service Thread" daemon [_thread_blocked, id=19592, stack(0x00000000191a0000,0x00000000192a0000)]
  0x0000000017442000 JavaThread "C1 CompilerThread2" daemon [_thread_blocked, id=8528, stack(0x0000000018ca0000,0x0000000018da0000)]
  0x000000001743e800 JavaThread "C2 CompilerThread1" daemon [_thread_in_native, id=19344, stack(0x0000000018ba0000,0x0000000018ca0000)]
=>0x0000000017439800 JavaThread "C2 CompilerThread0" daemon [_thread_in_native, id=26380, stack(0x0000000018aa0000,0x0000000018ba0000)]
  0x0000000017438000 JavaThread "Attach Listener" daemon [_thread_blocked, id=11520, stack(0x00000000189a0000,0x0000000018aa0000)]
  0x0000000017437000 JavaThread "Signal Dispatcher" daemon [_thread_blocked, id=19628, stack(0x00000000188a0000,0x00000000189a0000)]
  0x0000000004d6c800 JavaThread "Finalizer" daemon [_thread_blocked, id=15428, stack(0x00000000186a0000,0x00000000187a0000)]
  0x0000000004d61800 JavaThread "Reference Handler" daemon [_thread_blocked, id=22236, stack(0x00000000185a0000,0x00000000186a0000)]
  0x0000000004c70800 JavaThread "main" [_thread_in_Java, id=24056, stack(0x0000000004b70000,0x0000000004c70000)]

Other Threads:
  0x0000000017406000 VMThread [stack: 0x00000000184a0000,0x00000000185a0000] [id=6240]
  0x000000001749c000 WatcherThread [stack: 0x00000000192a0000,0x00000000193a0000] [id=14288]

VM state:not at safepoint (normal execution)

VM Mutex/Monitor currently owned by a thread: None

Heap:
 PSYoungGen      total 35328K, used 12703K [0x00000000eab00000, 0x00000000ed000000, 0x0000000100000000)
  eden space 32768K, 30% used [0x00000000eab00000,0x00000000eb4eafb0,0x00000000ecb00000)
  from space 2560K, 99% used [0x00000000ecd80000,0x00000000ecffcc90,0x00000000ed000000)
  to   space 2560K, 0% used [0x00000000ecb00000,0x00000000ecb00000,0x00000000ecd80000)
 ParOldGen       total 44032K, used 3745K [0x00000000c0000000, 0x00000000c2b00000, 0x00000000eab00000)
  object space 44032K, 8% used [0x00000000c0000000,0x00000000c03a8590,0x00000000c2b00000)
 Metaspace       used 5829K, capacity 7024K, committed 7296K, reserved 1056768K
  class space    used 560K, capacity 616K, committed 640K, reserved 1048576K

Card table byte_map: [0x0000000014130000,0x0000000014340000] byte_map_base: 0x0000000013b30000

Marking Bits: (ParMarkBitMap*) 0x00000000673718f0
 Begin Bits: [0x00000000148a0000, 0x00000000158a0000)
 End Bits:   [0x00000000158a0000, 0x00000000168a0000)

Polling page: 0x0000000002da0000

CodeCache: size=245760Kb used=5320Kb max_used=5320Kb free=240439Kb
 bounds [0x0000000004d70000, 0x00000000052b0000, 0x0000000013d70000]
 total_blobs=1557 nmethods=1295 adapters=175
 compilation: disabled (not enough contiguous free space left)

Compilation events (10 events):
Event: 1.183 Thread 0x0000000017442000 nmethod 1296 0x00000000052a1f50 code [0x00000000052a2200, 0x00000000052a3398]
Event: 1.183 Thread 0x0000000017442000 1299       1       com.android.dx.dex.file.StringIdItem::getValue (5 bytes)
Event: 1.183 Thread 0x0000000017442000 nmethod 1299 0x000000000527dd50 code [0x000000000527dea0, 0x000000000527dfb0]
Event: 1.191 Thread 0x0000000017439800 nmethod 1291 0x00000000052a4150 code [0x00000000052a42c0, 0x00000000052a4748]
Event: 1.191 Thread 0x0000000017439800 1298   !   4       com.android.dx.cf.code.BytecodeArray::parseInstruction (2764 bytes)
Event: 1.197 Thread 0x0000000017442000 1301       3       com.android.dx.cf.direct.StdAttributeFactory::lineNumberTable (204 bytes)
Event: 1.201 Thread 0x0000000017442000 nmethod 1301 0x00000000052a4c90 code [0x00000000052a5140, 0x00000000052a7e38]
Event: 1.203 Thread 0x0000000017442000 1303       3       com.android.dx.cf.direct.DirectClassFile::getSourceFile (31 bytes)
Event: 1.203 Thread 0x0000000017442000 nmethod 1303 0x000000000529be50 code [0x000000000529c000, 0x000000000529c5b8]
Event: 1.238 Thread 0x0000000017442000 1305       3       com.android.dx.cf.direct.StdAttributeFactory::code (613 bytes)

GC Heap History (4 events):
Event: 0.699 GC heap before
{Heap before GC invocations=1 (full 0):
 PSYoungGen      total 18944K, used 16384K [0x00000000eab00000, 0x00000000ec000000, 0x0000000100000000)
  eden space 16384K, 100% used [0x00000000eab00000,0x00000000ebb00000,0x00000000ebb00000)
  from space 2560K, 0% used [0x00000000ebd80000,0x00000000ebd80000,0x00000000ec000000)
  to   space 2560K, 0% used [0x00000000ebb00000,0x00000000ebb00000,0x00000000ebd80000)
 ParOldGen       total 44032K, used 0K [0x00000000c0000000, 0x00000000c2b00000, 0x00000000eab00000)
  object space 44032K, 0% used [0x00000000c0000000,0x00000000c0000000,0x00000000c2b00000)
 Metaspace       used 5527K, capacity 6768K, committed 7040K, reserved 1056768K
  class space    used 556K, capacity 616K, committed 640K, reserved 1048576K
Event: 0.710 GC heap after
Heap after GC invocations=1 (full 0):
 PSYoungGen      total 18944K, used 2528K [0x00000000eab00000, 0x00000000ed000000, 0x0000000100000000)
  eden space 16384K, 0% used [0x00000000eab00000,0x00000000eab00000,0x00000000ebb00000)
  from space 2560K, 98% used [0x00000000ebb00000,0x00000000ebd78038,0x00000000ebd80000)
  to   space 2560K, 0% used [0x00000000ecd80000,0x00000000ecd80000,0x00000000ed000000)
 ParOldGen       total 44032K, used 1589K [0x00000000c0000000, 0x00000000c2b00000, 0x00000000eab00000)
  object space 44032K, 3% used [0x00000000c0000000,0x00000000c018d4d8,0x00000000c2b00000)
 Metaspace       used 5527K, capacity 6768K, committed 7040K, reserved 1056768K
  class space    used 556K, capacity 616K, committed 640K, reserved 1048576K
}
Event: 1.088 GC heap before
{Heap before GC invocations=2 (full 0):
 PSYoungGen      total 18944K, used 18912K [0x00000000eab00000, 0x00000000ed000000, 0x0000000100000000)
  eden space 16384K, 100% used [0x00000000eab00000,0x00000000ebb00000,0x00000000ebb00000)
  from space 2560K, 98% used [0x00000000ebb00000,0x00000000ebd78038,0x00000000ebd80000)
  to   space 2560K, 0% used [0x00000000ecd80000,0x00000000ecd80000,0x00000000ed000000)
 ParOldGen       total 44032K, used 1589K [0x00000000c0000000, 0x00000000c2b00000, 0x00000000eab00000)
  object space 44032K, 3% used [0x00000000c0000000,0x00000000c018d4d8,0x00000000c2b00000)
 Metaspace       used 5799K, capacity 6960K, committed 7040K, reserved 1056768K
  class space    used 559K, capacity 616K, committed 640K, reserved 1048576K
Event: 1.102 GC heap after
Heap after GC invocations=2 (full 0):
 PSYoungGen      total 35328K, used 2547K [0x00000000eab00000, 0x00000000ed000000, 0x0000000100000000)
  eden space 32768K, 0% used [0x00000000eab00000,0x00000000eab00000,0x00000000ecb00000)
  from space 2560K, 99% used [0x00000000ecd80000,0x00000000ecffcc90,0x00000000ed000000)
  to   space 2560K, 0% used [0x00000000ecb00000,0x00000000ecb00000,0x00000000ecd80000)
 ParOldGen       total 44032K, used 3745K [0x00000000c0000000, 0x00000000c2b00000, 0x00000000eab00000)
  object space 44032K, 8% used [0x00000000c0000000,0x00000000c03a8590,0x00000000c2b00000)
 Metaspace       used 5799K, capacity 6960K, committed 7040K, reserved 1056768K
  class space    used 559K, capacity 616K, committed 640K, reserved 1048576K
}

Deoptimization events (10 events):
Event: 0.768 Thread 0x0000000018ff6000 Uncommon trap: reason=unstable_if action=reinterpret pc=0x0000000004f92eb4 method=java.util.BitSet.ensureCapacity(I)V @ 6
Event: 0.768 Thread 0x0000000018ff6000 Uncommon trap: reason=unstable_if action=reinterpret pc=0x0000000004f8f870 method=java.util.BitSet.ensureCapacity(I)V @ 6
Event: 0.858 Thread 0x0000000018ff6000 Uncommon trap: reason=null_check action=make_not_entrant pc=0x000000000508cd70 method=com.android.dx.ssa.SsaRenamer.getLocalForNewReg(I)Lcom/android/dx/rop/code/LocalItem; @ 19
Event: 0.862 Thread 0x0000000018ff6000 Uncommon trap: reason=unstable_if action=reinterpret pc=0x000000000509b560 method=com.android.dx.rop.code.RegisterSpecSet.put(Lcom/android/dx/rop/code/RegisterSpec;)V @ 77
Event: 0.900 Thread 0x0000000019018000 Uncommon trap: reason=null_check action=make_not_entrant pc=0x00000000050665d4 method=com.android.dx.ssa.SsaRenamer.getLocalForNewReg(I)Lcom/android/dx/rop/code/LocalItem; @ 19
Event: 1.183 Thread 0x000000001900d800 Uncommon trap: reason=bimorphic action=maybe_recompile pc=0x0000000005289a68 method=com.android.dx.cf.code.BytecodeArray.parseInstruction(ILcom/android/dx/cf/code/BytecodeArray$Visitor;)I @ 939
Event: 1.183 Thread 0x000000001900d800 Uncommon trap: reason=bimorphic action=maybe_recompile pc=0x0000000005289968 method=com.android.dx.cf.code.BytecodeArray.parseInstruction(ILcom/android/dx/cf/code/BytecodeArray$Visitor;)I @ 907
Event: 1.183 Thread 0x000000001900d800 Uncommon trap: reason=bimorphic action=maybe_recompile pc=0x0000000005289f98 method=com.android.dx.cf.code.BytecodeArray.parseInstruction(ILcom/android/dx/cf/code/BytecodeArray$Visitor;)I @ 1224
Event: 1.183 Thread 0x000000001900d800 Uncommon trap: reason=bimorphic action=maybe_recompile pc=0x00000000052899e8 method=com.android.dx.cf.code.BytecodeArray.parseInstruction(ILcom/android/dx/cf/code/BytecodeArray$Visitor;)I @ 923
Event: 1.183 Thread 0x000000001900d800 Uncommon trap: reason=bimorphic action=maybe_recompile pc=0x0000000005289f98 method=com.android.dx.cf.code.BytecodeArray.parseInstruction(ILcom/android/dx/cf/code/BytecodeArray$Visitor;)I @ 1224

Internal exceptions (4 events):
Event: 0.039 Thread 0x0000000004c70800 Exception <a 'java/lang/NoSuchMethodError': Method sun.misc.Unsafe.defineClass(Ljava/lang/String;[BII)Ljava/lang/Class; name or signature does not match> (0x00000000eab07c78) thrown at [C:\src\android\AOSP-openjdk\external\jetbrains\jdk\hotspot\src\share\v¡F1ç‘£?
Event: 0.039 Thread 0x0000000004c70800 Exception <a 'java/lang/NoSuchMethodError': Method sun.misc.Unsafe.prefetchRead(Ljava/lang/Object;J)V name or signature does not match> (0x00000000eab07f60) thrown at [C:\src\android\AOSP-openjdk\external\jetbrains\jdk\hotspot\src\share\vm\prims\jni.cpp, lØz∏ÂtrÎ?
Event: 0.858 Thread 0x0000000018ff6000 Implicit null exception at 0x000000000508aa44 to 0x000000000508cd29
Event: 0.900 Thread 0x0000000019018000 Implicit null exception at 0x0000000005064515 to 0x00000000050665b5

Events (10 events):
Event: 1.183 Thread 0x000000001900d800 DEOPT UNPACKING pc=0x0000000004db556a sp=0x000000001969ea78 mode 2
Event: 1.183 Thread 0x000000001900d800 Uncommon trap: trap_request=0xffffffc6 fr.pc=0x0000000005289f98
Event: 1.183 Thread 0x000000001900d800 DEOPT PACKING pc=0x0000000005289f98 sp=0x000000001969eaf0
Event: 1.183 Thread 0x000000001900d800 DEOPT UNPACKING pc=0x0000000004db556a sp=0x000000001969ea78 mode 2
Event: 1.183 Thread 0x000000001900d800 Uncommon trap: trap_request=0xffffffc6 fr.pc=0x00000000052899e8
Event: 1.183 Thread 0x000000001900d800 DEOPT PACKING pc=0x00000000052899e8 sp=0x000000001969eaf0
Event: 1.183 Thread 0x000000001900d800 DEOPT UNPACKING pc=0x0000000004db556a sp=0x000000001969ea78 mode 2
Event: 1.183 Thread 0x000000001900d800 Uncommon trap: trap_request=0xffffffc6 fr.pc=0x0000000005289f98
Event: 1.183 Thread 0x000000001900d800 DEOPT PACKING pc=0x0000000005289f98 sp=0x000000001969eaf0
Event: 1.183 Thread 0x000000001900d800 DEOPT UNPACKING pc=0x0000000004db556a sp=0x000000001969ea78 mode 2


Dynamic libraries:
0x00007ff652cd0000 - 0x00007ff652d01000 	C:\Program Files\Android\Android Studio\jre\bin\java.exe
0x00007ffd599a0000 - 0x00007ffd59b80000 	C:\WINDOWS\SYSTEM32\ntdll.dll
0x00007ffd58af0000 - 0x00007ffd58b9e000 	C:\WINDOWS\System32\KERNEL32.DLL
0x00007ffd55da0000 - 0x00007ffd56006000 	C:\WINDOWS\System32\KERNELBASE.dll
0x00007ffd591b0000 - 0x00007ffd59251000 	C:\WINDOWS\System32\ADVAPI32.dll
0x00007ffd58a20000 - 0x00007ffd58abd000 	C:\WINDOWS\System32\msvcrt.dll
0x00007ffd583a0000 - 0x00007ffd583fb000 	C:\WINDOWS\System32\sechost.dll
0x00007ffd58730000 - 0x00007ffd5884f000 	C:\WINDOWS\System32\RPCRT4.dll
0x00007ffd58430000 - 0x00007ffd585bf000 	C:\WINDOWS\System32\USER32.dll
0x00007ffd56580000 - 0x00007ffd565a0000 	C:\WINDOWS\System32\win32u.dll
0x00007ffd58400000 - 0x00007ffd58428000 	C:\WINDOWS\System32\GDI32.dll
0x00007ffd56210000 - 0x00007ffd563a3000 	C:\WINDOWS\System32\gdi32full.dll
0x00007ffd56dd0000 - 0x00007ffd56e6b000 	C:\WINDOWS\System32\msvcp_win.dll
0x00007ffd560c0000 - 0x00007ffd561b6000 	C:\WINDOWS\System32\ucrtbase.dll
0x00007ffd3e600000 - 0x00007ffd3e869000 	C:\WINDOWS\WinSxS\amd64_microsoft.windows.common-controls_6595b64144ccf1df_6.0.16299.192_none_15c8cdae9364c23b\COMCTL32.dll
0x00007ffd58bc0000 - 0x00007ffd58ec8000 	C:\WINDOWS\System32\combase.dll
0x00007ffd56600000 - 0x00007ffd56672000 	C:\WINDOWS\System32\bcryptPrimitives.dll
0x00007ffd58ac0000 - 0x00007ffd58aed000 	C:\WINDOWS\System32\IMM32.DLL
0x0000000068e90000 - 0x0000000068f62000 	C:\Program Files\Android\Android Studio\jre\jre\bin\msvcr100.dll
0x0000000066bb0000 - 0x00000000673ec000 	C:\Program Files\Android\Android Studio\jre\jre\bin\server\jvm.dll
0x00007ffd59070000 - 0x00007ffd59078000 	C:\WINDOWS\System32\PSAPI.DLL
0x00007ffd4ff70000 - 0x00007ffd4ff79000 	C:\WINDOWS\SYSTEM32\WSOCK32.dll
0x00007ffd4f6d0000 - 0x00007ffd4f6f3000 	C:\WINDOWS\SYSTEM32\WINMM.dll
0x00007ffd48700000 - 0x00007ffd4870a000 	C:\WINDOWS\SYSTEM32\VERSION.dll
0x00007ffd56ef0000 - 0x00007ffd56f5c000 	C:\WINDOWS\System32\WS2_32.dll
0x00007ffd4f6a0000 - 0x00007ffd4f6ca000 	C:\WINDOWS\SYSTEM32\winmmbase.dll
0x00007ffd561c0000 - 0x00007ffd5620a000 	C:\WINDOWS\System32\cfgmgr32.dll
0x00007ffd4fee0000 - 0x00007ffd4feef000 	C:\Program Files\Android\Android Studio\jre\jre\bin\verify.dll
0x00007ffd3e060000 - 0x00007ffd3e089000 	C:\Program Files\Android\Android Studio\jre\jre\bin\java.dll
0x00007ffd46960000 - 0x00007ffd46976000 	C:\Program Files\Android\Android Studio\jre\jre\bin\zip.dll
0x00007ffd56f60000 - 0x00007ffd58396000 	C:\WINDOWS\System32\SHELL32.dll
0x00007ffd58850000 - 0x00007ffd588f6000 	C:\WINDOWS\System32\shcore.dll
0x00007ffd56680000 - 0x00007ffd56dc7000 	C:\WINDOWS\System32\windows.storage.dll
0x00007ffd59370000 - 0x00007ffd593c1000 	C:\WINDOWS\System32\shlwapi.dll
0x00007ffd55d60000 - 0x00007ffd55d71000 	C:\WINDOWS\System32\kernel.appcore.dll
0x00007ffd55cf0000 - 0x00007ffd55d3c000 	C:\WINDOWS\System32\powrprof.dll
0x00007ffd55d80000 - 0x00007ffd55d9b000 	C:\WINDOWS\System32\profapi.dll

VM Arguments:
jvm_args: -Djava.awt.headless=true -Xmx1024M -Dfile.encoding=windows-1251 -Duser.country=GB -Duser.language=en -Duser.variant 
java_command: com.android.dx.command.Main --dex --num-threads=4 --output D:\apps\live-chat\platforms\android\build\intermediates\pre-dexed\release\release_16f34d5433c54e11285013294a4693669c75056c.jar D:\apps\live-chat\platforms\android\build\intermediates\classes\release
java_class_path (initial): C:\Users\Admin\android-sdks\build-tools\25.0.2\lib\dx.jar
Launcher Type: SUN_STANDARD

Environment Variables:
JAVA_HOME=C:\Program Files\Java\jdk1.8.0_121
PATH=C:\Program Files\Microsoft MPI\Bin\;C:\ProgramData\Oracle\Java\javapath;C:\WINDOWS\system32;C:\WINDOWS;C:\WINDOWS\System32\Wbem;C:\WINDOWS\System32\WindowsPowerShell\v1.0\;C:\Program Files (x86)\Microsoft SQL Server\130\Tools\Binn\;C:\Program Files\Microsoft SQL Server\130\Tools\Binn\;C:\Program Files (x86)\Microsoft SQL Server\130\DTS\Binn\;C:\Program Files\Microsoft SQL Server\130\DTS\Binn\;C:\Program Files\Microsoft SQL Server\Client SDK\ODBC\130\Tools\Binn\;C:\Program Files (x86)\Microsoft SQL Server\Client SDK\ODBC\130\Tools\Binn\;C:\Program Files (x86)\Microsoft SQL Server\130\Tools\Binn\ManagementStudio\;C:\Program Files\Git\cmd;C:\Program Files\nodejs\;C:\Program Files\Java\jdk1.8.0_121\bin;C:\OpenSSL-Win64\bin;C:\Users\Admin\AppData\Local\Microsoft\WindowsApps;C:\Users\Admin\AppData\Roaming\npm;C:\OpenSSL-Win64\bin;
USERNAME=Admin
OS=Windows_NT
PROCESSOR_IDENTIFIER=Intel64 Family 6 Model 61 Stepping 4, GenuineIntel



---------------  S Y S T E M  ---------------

OS: Windows 10.0 , 64 bit Build 16299 (10.0.16299.15)

CPU:total 4 (2 cores per cpu, 2 threads per core) family 6 model 61 stepping 4, cmov, cx8, fxsr, mmx, sse, sse2, sse3, ssse3, sse4.1, sse4.2, popcnt, avx, avx2, aes, clmul, erms, 3dnowpref, lzcnt, ht, tsc, tscinvbit, bmi1, bmi2, adx

Memory: 4k page, physical 4103640k(339868k free), swap 16686552k(4148k free)

vm_info: OpenJDK 64-Bit Server VM (25.112-b06) for windows-amd64 JRE (1.8.0_112-release-b06), built on Dec  8 2016 00:54:26 by "builder" with MS VC++ 10.0 (VS2010)

time: Thu Apr 19 22:38:48 2018
elapsed time: 1 seconds (0d 0h 0m 1s)

